<?xml version="1.0" encoding="UTF-8"?>
<!-- Generated by org.testng.reporters.JUnitReportReporter -->
<testsuite skipped="0" hostname="DESKTOP-LUPQBPU" name="Maven.GIT_Project.App" tests="1" failures="0" timestamp="2020-06-14T10:57:11 BST" time="0.020" errors="0">
  <testcase name="main" time="0.020" classname="Maven.GIT_Project.App"/>
  <system-out/>
</testsuite> <!-- Maven.GIT_Project.App -->
